<?xml version="1.0" encoding="UTF-8"?>
<testsuite xmlns:xsi="http://www.w3.org/2001/XMLSchema-instance" xsi:noNamespaceSchemaLocation="https://maven.apache.org/surefire/maven-surefire-plugin/xsd/surefire-test-report-3.0.xsd" version="3.0" name="com.example.gatewaypoc.ServiceClientsIntegrationTest" time="5.774" tests="2" errors="0" skipped="0" failures="0">
  <properties>
[...]
</properties>
  <testcase name="serviceB_timeout_counts_as_failure" classname="com.example.gatewaypoc.ServiceClientsIntegrationTest" time="2.499">
    <system-out><![CDATA[05:21:30.994 [main] INFO org.springframework.test.context.support.AnnotationConfigContextLoaderUtils -- Could not detect default configuration classes for test class [com.example.gatewaypoc.ServiceClientsIntegrationTest]: ServiceClientsIntegrationTest does not declare any static, non-private, non-final, nested classes annotated with @Configuration.
05:21:31.052 [main] INFO org.springframework.boot.test.context.SpringBootTestContextBootstrapper -- Found @SpringBootConfiguration com.example.gatewaypoc.Application for test class com.example.gatewaypoc.ServiceClientsIntegrationTest

  .   ____          _            __ _ _
 /\\ / ___'_ __ _ _(_)_ __  __ _ \ \ \ \
( ( )\___ | '_ | '_| | '_ \/ _` | \ \ \ \
 \\/  ___)| |_)| | | | | || (_| |  ) ) ) )
  '  |____| .__|_| |_|_| |_\__, | / / / /
 =========|_|==============|___/=/_/_/_/

 :: Spring Boot ::                (v3.3.4)

2025-09-06T05:21:31.352Z  INFO 4271 --- [resilience4j-gateway-poc] [           main] c.e.g.ServiceClientsIntegrationTest      : Starting ServiceClientsIntegrationTest using Java 21.0.7 with PID 4271 (started by ubuntu in /workspace)
2025-09-06T05:21:31.353Z  INFO 4271 --- [resilience4j-gateway-poc] [           main] c.e.g.ServiceClientsIntegrationTest      : No active profile set, falling back to 1 default profile: "default"
2025-09-06T05:21:32.099Z  INFO 4271 --- [resilience4j-gateway-poc] [           main] o.s.cloud.context.scope.GenericScope     : BeanFactory id=1e69a92c-fc6d-3d20-8d06-7531e8adfc01
2025-09-06T05:21:32.740Z  INFO 4271 --- [resilience4j-gateway-poc] [           main] o.s.b.a.e.web.EndpointLinksResolver      : Exposing 4 endpoints beneath base path '/actuator'
2025-09-06T05:21:33.074Z  INFO 4271 --- [resilience4j-gateway-poc] [           main] o.s.b.web.embedded.netty.NettyWebServer  : Netty started on port 46663 (http)
2025-09-06T05:21:33.093Z  INFO 4271 --- [resilience4j-gateway-poc] [           main] c.e.g.ServiceClientsIntegrationTest      : Started ServiceClientsIntegrationTest in 1.976 seconds (process running for 2.571)
2025-09-06T05:21:35.586Z  WARN 4271 --- [resilience4j-gateway-poc] [     parallel-1] c.e.g.o.CircuitBreakerEventsLogger       : CB serviceB error: java.util.concurrent.TimeoutException: Did not observe any item or terminal signal within 2000ms in 'source(MonoDefer)' (and no fallback has been configured)
2025-09-06T05:21:35.588Z  WARN 4271 --- [resilience4j-gateway-poc] [     parallel-1] c.e.gatewaypoc.service.ServiceBClient    : serviceB fallback due to: java.util.concurrent.TimeoutException: Did not observe any item or terminal signal within 2000ms in 'source(MonoDefer)' (and no fallback has been configured)
]]></system-out>
    <system-err><![CDATA[WARNING: A Java agent has been loaded dynamically (/home/ubuntu/.m2/repository/net/bytebuddy/byte-buddy-agent/1.14.19/byte-buddy-agent-1.14.19.jar)
WARNING: If a serviceability tool is in use, please run with -XX:+EnableDynamicAgentLoading to hide this warning
WARNING: If a serviceability tool is not in use, please run with -Djdk.instrument.traceUsage for more information
WARNING: Dynamic loading of agents will be disallowed by default in a future release
]]></system-err>
  </testcase>
  <testcase name="serviceA_opens_after_many_failures_and_recovers" classname="com.example.gatewaypoc.ServiceClientsIntegrationTest" time="0.133">
    <system-out><![CDATA[2025-09-06T05:21:35.618Z  WARN 4271 --- [resilience4j-gateway-poc] [or-http-epoll-3] c.e.g.o.CircuitBreakerEventsLogger       : CB serviceA error: org.springframework.web.reactive.function.client.WebClientResponseException$InternalServerError: 500 Internal Server Error from GET http://localhost:42331/api/data/x
2025-09-06T05:21:35.618Z  WARN 4271 --- [resilience4j-gateway-poc] [or-http-epoll-3] c.e.gatewaypoc.service.ServiceAClient    : serviceA fallback due to: org.springframework.web.reactive.function.client.WebClientResponseException$InternalServerError: 500 Internal Server Error from GET http://localhost:42331/api/data/x
2025-09-06T05:21:35.632Z  WARN 4271 --- [resilience4j-gateway-poc] [or-http-epoll-3] c.e.g.o.CircuitBreakerEventsLogger       : CB serviceA error: org.springframework.web.reactive.function.client.WebClientResponseException$InternalServerError: 500 Internal Server Error from GET http://localhost:42331/api/data/x
2025-09-06T05:21:35.632Z  WARN 4271 --- [resilience4j-gateway-poc] [or-http-epoll-3] c.e.gatewaypoc.service.ServiceAClient    : serviceA fallback due to: org.springframework.web.reactive.function.client.WebClientResponseException$InternalServerError: 500 Internal Server Error from GET http://localhost:42331/api/data/x
2025-09-06T05:21:35.634Z  WARN 4271 --- [resilience4j-gateway-poc] [or-http-epoll-3] c.e.g.o.CircuitBreakerEventsLogger       : CB serviceA error: org.springframework.web.reactive.function.client.WebClientResponseException$InternalServerError: 500 Internal Server Error from GET http://localhost:42331/api/data/x
2025-09-06T05:21:35.634Z  WARN 4271 --- [resilience4j-gateway-poc] [or-http-epoll-3] c.e.gatewaypoc.service.ServiceAClient    : serviceA fallback due to: org.springframework.web.reactive.function.client.WebClientResponseException$InternalServerError: 500 Internal Server Error from GET http://localhost:42331/api/data/x
2025-09-06T05:21:35.636Z  WARN 4271 --- [resilience4j-gateway-poc] [or-http-epoll-3] c.e.g.o.CircuitBreakerEventsLogger       : CB serviceA error: org.springframework.web.reactive.function.client.WebClientResponseException$InternalServerError: 500 Internal Server Error from GET http://localhost:42331/api/data/x
2025-09-06T05:21:35.636Z  WARN 4271 --- [resilience4j-gateway-poc] [or-http-epoll-3] c.e.gatewaypoc.service.ServiceAClient    : serviceA fallback due to: org.springframework.web.reactive.function.client.WebClientResponseException$InternalServerError: 500 Internal Server Error from GET http://localhost:42331/api/data/x
2025-09-06T05:21:35.638Z  WARN 4271 --- [resilience4j-gateway-poc] [or-http-epoll-3] c.e.g.o.CircuitBreakerEventsLogger       : CB serviceA error: org.springframework.web.reactive.function.client.WebClientResponseException$InternalServerError: 500 Internal Server Error from GET http://localhost:42331/api/data/x
2025-09-06T05:21:35.638Z  WARN 4271 --- [resilience4j-gateway-poc] [or-http-epoll-3] c.e.gatewaypoc.service.ServiceAClient    : serviceA fallback due to: org.springframework.web.reactive.function.client.WebClientResponseException$InternalServerError: 500 Internal Server Error from GET http://localhost:42331/api/data/x
2025-09-06T05:21:35.640Z  WARN 4271 --- [resilience4j-gateway-poc] [or-http-epoll-3] c.e.g.o.CircuitBreakerEventsLogger       : CB serviceA error: org.springframework.web.reactive.function.client.WebClientResponseException$InternalServerError: 500 Internal Server Error from GET http://localhost:42331/api/data/x
2025-09-06T05:21:35.640Z  WARN 4271 --- [resilience4j-gateway-poc] [or-http-epoll-3] c.e.gatewaypoc.service.ServiceAClient    : serviceA fallback due to: org.springframework.web.reactive.function.client.WebClientResponseException$InternalServerError: 500 Internal Server Error from GET http://localhost:42331/api/data/x
2025-09-06T05:21:35.642Z  WARN 4271 --- [resilience4j-gateway-poc] [or-http-epoll-3] c.e.g.o.CircuitBreakerEventsLogger       : CB serviceA error: org.springframework.web.reactive.function.client.WebClientResponseException$InternalServerError: 500 Internal Server Error from GET http://localhost:42331/api/data/x
2025-09-06T05:21:35.642Z  WARN 4271 --- [resilience4j-gateway-poc] [or-http-epoll-3] c.e.gatewaypoc.service.ServiceAClient    : serviceA fallback due to: org.springframework.web.reactive.function.client.WebClientResponseException$InternalServerError: 500 Internal Server Error from GET http://localhost:42331/api/data/x
2025-09-06T05:21:35.644Z  WARN 4271 --- [resilience4j-gateway-poc] [or-http-epoll-3] c.e.g.o.CircuitBreakerEventsLogger       : CB serviceA error: org.springframework.web.reactive.function.client.WebClientResponseException$InternalServerError: 500 Internal Server Error from GET http://localhost:42331/api/data/x
2025-09-06T05:21:35.644Z  WARN 4271 --- [resilience4j-gateway-poc] [or-http-epoll-3] c.e.gatewaypoc.service.ServiceAClient    : serviceA fallback due to: org.springframework.web.reactive.function.client.WebClientResponseException$InternalServerError: 500 Internal Server Error from GET http://localhost:42331/api/data/x
2025-09-06T05:21:35.646Z  WARN 4271 --- [resilience4j-gateway-poc] [or-http-epoll-3] c.e.g.o.CircuitBreakerEventsLogger       : CB serviceA error: org.springframework.web.reactive.function.client.WebClientResponseException$InternalServerError: 500 Internal Server Error from GET http://localhost:42331/api/data/x
2025-09-06T05:21:35.646Z  WARN 4271 --- [resilience4j-gateway-poc] [or-http-epoll-3] c.e.gatewaypoc.service.ServiceAClient    : serviceA fallback due to: org.springframework.web.reactive.function.client.WebClientResponseException$InternalServerError: 500 Internal Server Error from GET http://localhost:42331/api/data/x
2025-09-06T05:21:35.652Z  WARN 4271 --- [resilience4j-gateway-poc] [or-http-epoll-3] c.e.g.o.CircuitBreakerEventsLogger       : CB serviceA error: org.springframework.web.reactive.function.client.WebClientResponseException$InternalServerError: 500 Internal Server Error from GET http://localhost:42331/api/data/x
2025-09-06T05:21:35.652Z  WARN 4271 --- [resilience4j-gateway-poc] [or-http-epoll-3] c.e.gatewaypoc.service.ServiceAClient    : serviceA fallback due to: org.springframework.web.reactive.function.client.WebClientResponseException$InternalServerError: 500 Internal Server Error from GET http://localhost:42331/api/data/x
2025-09-06T05:21:35.655Z  WARN 4271 --- [resilience4j-gateway-poc] [or-http-epoll-3] c.e.g.o.CircuitBreakerEventsLogger       : CB serviceA error: org.springframework.web.reactive.function.client.WebClientResponseException$InternalServerError: 500 Internal Server Error from GET http://localhost:42331/api/data/x
2025-09-06T05:21:35.655Z  WARN 4271 --- [resilience4j-gateway-poc] [or-http-epoll-3] c.e.gatewaypoc.service.ServiceAClient    : serviceA fallback due to: org.springframework.web.reactive.function.client.WebClientResponseException$InternalServerError: 500 Internal Server Error from GET http://localhost:42331/api/data/x
2025-09-06T05:21:35.657Z  WARN 4271 --- [resilience4j-gateway-poc] [or-http-epoll-3] c.e.g.o.CircuitBreakerEventsLogger       : CB serviceA error: org.springframework.web.reactive.function.client.WebClientResponseException$InternalServerError: 500 Internal Server Error from GET http://localhost:42331/api/data/x
2025-09-06T05:21:35.657Z  WARN 4271 --- [resilience4j-gateway-poc] [or-http-epoll-3] c.e.gatewaypoc.service.ServiceAClient    : serviceA fallback due to: org.springframework.web.reactive.function.client.WebClientResponseException$InternalServerError: 500 Internal Server Error from GET http://localhost:42331/api/data/x
2025-09-06T05:21:35.658Z  WARN 4271 --- [resilience4j-gateway-poc] [or-http-epoll-3] c.e.g.o.CircuitBreakerEventsLogger       : CB serviceA error: org.springframework.web.reactive.function.client.WebClientResponseException$InternalServerError: 500 Internal Server Error from GET http://localhost:42331/api/data/x
2025-09-06T05:21:35.659Z  WARN 4271 --- [resilience4j-gateway-poc] [or-http-epoll-3] c.e.gatewaypoc.service.ServiceAClient    : serviceA fallback due to: org.springframework.web.reactive.function.client.WebClientResponseException$InternalServerError: 500 Internal Server Error from GET http://localhost:42331/api/data/x
2025-09-06T05:21:35.660Z  WARN 4271 --- [resilience4j-gateway-poc] [or-http-epoll-3] c.e.g.o.CircuitBreakerEventsLogger       : CB serviceA error: org.springframework.web.reactive.function.client.WebClientResponseException$InternalServerError: 500 Internal Server Error from GET http://localhost:42331/api/data/x
2025-09-06T05:21:35.661Z  WARN 4271 --- [resilience4j-gateway-poc] [or-http-epoll-3] c.e.gatewaypoc.service.ServiceAClient    : serviceA fallback due to: org.springframework.web.reactive.function.client.WebClientResponseException$InternalServerError: 500 Internal Server Error from GET http://localhost:42331/api/data/x
2025-09-06T05:21:35.663Z  WARN 4271 --- [resilience4j-gateway-poc] [or-http-epoll-3] c.e.g.o.CircuitBreakerEventsLogger       : CB serviceA error: org.springframework.web.reactive.function.client.WebClientResponseException$InternalServerError: 500 Internal Server Error from GET http://localhost:42331/api/data/x
2025-09-06T05:21:35.663Z  WARN 4271 --- [resilience4j-gateway-poc] [or-http-epoll-3] c.e.gatewaypoc.service.ServiceAClient    : serviceA fallback due to: org.springframework.web.reactive.function.client.WebClientResponseException$InternalServerError: 500 Internal Server Error from GET http://localhost:42331/api/data/x
2025-09-06T05:21:35.665Z  WARN 4271 --- [resilience4j-gateway-poc] [or-http-epoll-3] c.e.g.o.CircuitBreakerEventsLogger       : CB serviceA error: org.springframework.web.reactive.function.client.WebClientResponseException$InternalServerError: 500 Internal Server Error from GET http://localhost:42331/api/data/x
2025-09-06T05:21:35.665Z  WARN 4271 --- [resilience4j-gateway-poc] [or-http-epoll-3] c.e.gatewaypoc.service.ServiceAClient    : serviceA fallback due to: org.springframework.web.reactive.function.client.WebClientResponseException$InternalServerError: 500 Internal Server Error from GET http://localhost:42331/api/data/x
2025-09-06T05:21:35.667Z  WARN 4271 --- [resilience4j-gateway-poc] [or-http-epoll-3] c.e.g.o.CircuitBreakerEventsLogger       : CB serviceA error: org.springframework.web.reactive.function.client.WebClientResponseException$InternalServerError: 500 Internal Server Error from GET http://localhost:42331/api/data/x
2025-09-06T05:21:35.667Z  WARN 4271 --- [resilience4j-gateway-poc] [or-http-epoll-3] c.e.gatewaypoc.service.ServiceAClient    : serviceA fallback due to: org.springframework.web.reactive.function.client.WebClientResponseException$InternalServerError: 500 Internal Server Error from GET http://localhost:42331/api/data/x
2025-09-06T05:21:35.669Z  WARN 4271 --- [resilience4j-gateway-poc] [or-http-epoll-3] c.e.g.o.CircuitBreakerEventsLogger       : CB serviceA error: org.springframework.web.reactive.function.client.WebClientResponseException$InternalServerError: 500 Internal Server Error from GET http://localhost:42331/api/data/x
2025-09-06T05:21:35.669Z  WARN 4271 --- [resilience4j-gateway-poc] [or-http-epoll-3] c.e.gatewaypoc.service.ServiceAClient    : serviceA fallback due to: org.springframework.web.reactive.function.client.WebClientResponseException$InternalServerError: 500 Internal Server Error from GET http://localhost:42331/api/data/x
2025-09-06T05:21:35.670Z  WARN 4271 --- [resilience4j-gateway-poc] [or-http-epoll-3] c.e.g.o.CircuitBreakerEventsLogger       : CB serviceA error: org.springframework.web.reactive.function.client.WebClientResponseException$InternalServerError: 500 Internal Server Error from GET http://localhost:42331/api/data/x
2025-09-06T05:21:35.670Z  WARN 4271 --- [resilience4j-gateway-poc] [or-http-epoll-3] c.e.gatewaypoc.service.ServiceAClient    : serviceA fallback due to: org.springframework.web.reactive.function.client.WebClientResponseException$InternalServerError: 500 Internal Server Error from GET http://localhost:42331/api/data/x
2025-09-06T05:21:35.672Z  WARN 4271 --- [resilience4j-gateway-poc] [or-http-epoll-3] c.e.g.o.CircuitBreakerEventsLogger       : CB serviceA error: org.springframework.web.reactive.function.client.WebClientResponseException$InternalServerError: 500 Internal Server Error from GET http://localhost:42331/api/data/x
2025-09-06T05:21:35.672Z  WARN 4271 --- [resilience4j-gateway-poc] [or-http-epoll-3] c.e.gatewaypoc.service.ServiceAClient    : serviceA fallback due to: org.springframework.web.reactive.function.client.WebClientResponseException$InternalServerError: 500 Internal Server Error from GET http://localhost:42331/api/data/x
2025-09-06T05:21:35.674Z  WARN 4271 --- [resilience4j-gateway-poc] [or-http-epoll-3] c.e.g.o.CircuitBreakerEventsLogger       : CB serviceA error: org.springframework.web.reactive.function.client.WebClientResponseException$InternalServerError: 500 Internal Server Error from GET http://localhost:42331/api/data/x
2025-09-06T05:21:35.674Z  WARN 4271 --- [resilience4j-gateway-poc] [or-http-epoll-3] c.e.gatewaypoc.service.ServiceAClient    : serviceA fallback due to: org.springframework.web.reactive.function.client.WebClientResponseException$InternalServerError: 500 Internal Server Error from GET http://localhost:42331/api/data/x
2025-09-06T05:21:35.675Z  WARN 4271 --- [resilience4j-gateway-poc] [or-http-epoll-3] c.e.g.o.CircuitBreakerEventsLogger       : CB serviceA error: org.springframework.web.reactive.function.client.WebClientResponseException$InternalServerError: 500 Internal Server Error from GET http://localhost:42331/api/data/x
2025-09-06T05:21:35.676Z  WARN 4271 --- [resilience4j-gateway-poc] [or-http-epoll-3] c.e.gatewaypoc.service.ServiceAClient    : serviceA fallback due to: org.springframework.web.reactive.function.client.WebClientResponseException$InternalServerError: 500 Internal Server Error from GET http://localhost:42331/api/data/x
2025-09-06T05:21:35.677Z  WARN 4271 --- [resilience4j-gateway-poc] [or-http-epoll-3] c.e.g.o.CircuitBreakerEventsLogger       : CB serviceA error: org.springframework.web.reactive.function.client.WebClientResponseException$InternalServerError: 500 Internal Server Error from GET http://localhost:42331/api/data/x
2025-09-06T05:21:35.677Z  WARN 4271 --- [resilience4j-gateway-poc] [or-http-epoll-3] c.e.gatewaypoc.service.ServiceAClient    : serviceA fallback due to: org.springframework.web.reactive.function.client.WebClientResponseException$InternalServerError: 500 Internal Server Error from GET http://localhost:42331/api/data/x
2025-09-06T05:21:35.679Z  WARN 4271 --- [resilience4j-gateway-poc] [or-http-epoll-3] c.e.g.o.CircuitBreakerEventsLogger       : CB serviceA error: org.springframework.web.reactive.function.client.WebClientResponseException$InternalServerError: 500 Internal Server Error from GET http://localhost:42331/api/data/x
2025-09-06T05:21:35.679Z  WARN 4271 --- [resilience4j-gateway-poc] [or-http-epoll-3] c.e.gatewaypoc.service.ServiceAClient    : serviceA fallback due to: org.springframework.web.reactive.function.client.WebClientResponseException$InternalServerError: 500 Internal Server Error from GET http://localhost:42331/api/data/x
2025-09-06T05:21:35.681Z  WARN 4271 --- [resilience4j-gateway-poc] [or-http-epoll-3] c.e.g.o.CircuitBreakerEventsLogger       : CB serviceA error: org.springframework.web.reactive.function.client.WebClientResponseException$InternalServerError: 500 Internal Server Error from GET http://localhost:42331/api/data/x
2025-09-06T05:21:35.681Z  WARN 4271 --- [resilience4j-gateway-poc] [or-http-epoll-3] c.e.gatewaypoc.service.ServiceAClient    : serviceA fallback due to: org.springframework.web.reactive.function.client.WebClientResponseException$InternalServerError: 500 Internal Server Error from GET http://localhost:42331/api/data/x
2025-09-06T05:21:35.682Z  WARN 4271 --- [resilience4j-gateway-poc] [or-http-epoll-3] c.e.g.o.CircuitBreakerEventsLogger       : CB serviceA error: org.springframework.web.reactive.function.client.WebClientResponseException$InternalServerError: 500 Internal Server Error from GET http://localhost:42331/api/data/x
2025-09-06T05:21:35.682Z  WARN 4271 --- [resilience4j-gateway-poc] [or-http-epoll-3] c.e.gatewaypoc.service.ServiceAClient    : serviceA fallback due to: org.springframework.web.reactive.function.client.WebClientResponseException$InternalServerError: 500 Internal Server Error from GET http://localhost:42331/api/data/x
2025-09-06T05:21:35.684Z  WARN 4271 --- [resilience4j-gateway-poc] [or-http-epoll-3] c.e.g.o.CircuitBreakerEventsLogger       : CB serviceA error: org.springframework.web.reactive.function.client.WebClientResponseException$InternalServerError: 500 Internal Server Error from GET http://localhost:42331/api/data/x
2025-09-06T05:21:35.684Z  WARN 4271 --- [resilience4j-gateway-poc] [or-http-epoll-3] c.e.gatewaypoc.service.ServiceAClient    : serviceA fallback due to: org.springframework.web.reactive.function.client.WebClientResponseException$InternalServerError: 500 Internal Server Error from GET http://localhost:42331/api/data/x
2025-09-06T05:21:35.686Z  WARN 4271 --- [resilience4j-gateway-poc] [or-http-epoll-3] c.e.g.o.CircuitBreakerEventsLogger       : CB serviceA error: org.springframework.web.reactive.function.client.WebClientResponseException$InternalServerError: 500 Internal Server Error from GET http://localhost:42331/api/data/x
2025-09-06T05:21:35.686Z  WARN 4271 --- [resilience4j-gateway-poc] [or-http-epoll-3] c.e.gatewaypoc.service.ServiceAClient    : serviceA fallback due to: org.springframework.web.reactive.function.client.WebClientResponseException$InternalServerError: 500 Internal Server Error from GET http://localhost:42331/api/data/x
2025-09-06T05:21:35.687Z  WARN 4271 --- [resilience4j-gateway-poc] [or-http-epoll-3] c.e.g.o.CircuitBreakerEventsLogger       : CB serviceA error: org.springframework.web.reactive.function.client.WebClientResponseException$InternalServerError: 500 Internal Server Error from GET http://localhost:42331/api/data/x
2025-09-06T05:21:35.687Z  WARN 4271 --- [resilience4j-gateway-poc] [or-http-epoll-3] c.e.gatewaypoc.service.ServiceAClient    : serviceA fallback due to: org.springframework.web.reactive.function.client.WebClientResponseException$InternalServerError: 500 Internal Server Error from GET http://localhost:42331/api/data/x
2025-09-06T05:21:35.689Z  WARN 4271 --- [resilience4j-gateway-poc] [or-http-epoll-3] c.e.g.o.CircuitBreakerEventsLogger       : CB serviceA error: org.springframework.web.reactive.function.client.WebClientResponseException$InternalServerError: 500 Internal Server Error from GET http://localhost:42331/api/data/x
2025-09-06T05:21:35.689Z  WARN 4271 --- [resilience4j-gateway-poc] [or-http-epoll-3] c.e.gatewaypoc.service.ServiceAClient    : serviceA fallback due to: org.springframework.web.reactive.function.client.WebClientResponseException$InternalServerError: 500 Internal Server Error from GET http://localhost:42331/api/data/x
2025-09-06T05:21:35.691Z  WARN 4271 --- [resilience4j-gateway-poc] [or-http-epoll-3] c.e.g.o.CircuitBreakerEventsLogger       : CB serviceA error: org.springframework.web.reactive.function.client.WebClientResponseException$InternalServerError: 500 Internal Server Error from GET http://localhost:42331/api/data/x
2025-09-06T05:21:35.691Z  WARN 4271 --- [resilience4j-gateway-poc] [or-http-epoll-3] c.e.gatewaypoc.service.ServiceAClient    : serviceA fallback due to: org.springframework.web.reactive.function.client.WebClientResponseException$InternalServerError: 500 Internal Server Error from GET http://localhost:42331/api/data/x
2025-09-06T05:21:35.692Z  WARN 4271 --- [resilience4j-gateway-poc] [or-http-epoll-3] c.e.g.o.CircuitBreakerEventsLogger       : CB serviceA error: org.springframework.web.reactive.function.client.WebClientResponseException$InternalServerError: 500 Internal Server Error from GET http://localhost:42331/api/data/x
2025-09-06T05:21:35.692Z  WARN 4271 --- [resilience4j-gateway-poc] [or-http-epoll-3] c.e.gatewaypoc.service.ServiceAClient    : serviceA fallback due to: org.springframework.web.reactive.function.client.WebClientResponseException$InternalServerError: 500 Internal Server Error from GET http://localhost:42331/api/data/x
2025-09-06T05:21:35.694Z  WARN 4271 --- [resilience4j-gateway-poc] [or-http-epoll-3] c.e.g.o.CircuitBreakerEventsLogger       : CB serviceA error: org.springframework.web.reactive.function.client.WebClientResponseException$InternalServerError: 500 Internal Server Error from GET http://localhost:42331/api/data/x
2025-09-06T05:21:35.694Z  WARN 4271 --- [resilience4j-gateway-poc] [or-http-epoll-3] c.e.gatewaypoc.service.ServiceAClient    : serviceA fallback due to: org.springframework.web.reactive.function.client.WebClientResponseException$InternalServerError: 500 Internal Server Error from GET http://localhost:42331/api/data/x
2025-09-06T05:21:35.696Z  WARN 4271 --- [resilience4j-gateway-poc] [or-http-epoll-3] c.e.g.o.CircuitBreakerEventsLogger       : CB serviceA error: org.springframework.web.reactive.function.client.WebClientResponseException$InternalServerError: 500 Internal Server Error from GET http://localhost:42331/api/data/x
2025-09-06T05:21:35.696Z  WARN 4271 --- [resilience4j-gateway-poc] [or-http-epoll-3] c.e.gatewaypoc.service.ServiceAClient    : serviceA fallback due to: org.springframework.web.reactive.function.client.WebClientResponseException$InternalServerError: 500 Internal Server Error from GET http://localhost:42331/api/data/x
2025-09-06T05:21:35.697Z  WARN 4271 --- [resilience4j-gateway-poc] [or-http-epoll-3] c.e.g.o.CircuitBreakerEventsLogger       : CB serviceA error: org.springframework.web.reactive.function.client.WebClientResponseException$InternalServerError: 500 Internal Server Error from GET http://localhost:42331/api/data/x
2025-09-06T05:21:35.697Z  WARN 4271 --- [resilience4j-gateway-poc] [or-http-epoll-3] c.e.gatewaypoc.service.ServiceAClient    : serviceA fallback due to: org.springframework.web.reactive.function.client.WebClientResponseException$InternalServerError: 500 Internal Server Error from GET http://localhost:42331/api/data/x
2025-09-06T05:21:35.699Z  WARN 4271 --- [resilience4j-gateway-poc] [or-http-epoll-3] c.e.g.o.CircuitBreakerEventsLogger       : CB serviceA error: org.springframework.web.reactive.function.client.WebClientResponseException$InternalServerError: 500 Internal Server Error from GET http://localhost:42331/api/data/x
2025-09-06T05:21:35.700Z  WARN 4271 --- [resilience4j-gateway-poc] [or-http-epoll-3] c.e.gatewaypoc.service.ServiceAClient    : serviceA fallback due to: org.springframework.web.reactive.function.client.WebClientResponseException$InternalServerError: 500 Internal Server Error from GET http://localhost:42331/api/data/x
2025-09-06T05:21:35.701Z  WARN 4271 --- [resilience4j-gateway-poc] [or-http-epoll-3] c.e.g.o.CircuitBreakerEventsLogger       : CB serviceA error: org.springframework.web.reactive.function.client.WebClientResponseException$InternalServerError: 500 Internal Server Error from GET http://localhost:42331/api/data/x
2025-09-06T05:21:35.701Z  WARN 4271 --- [resilience4j-gateway-poc] [or-http-epoll-3] c.e.gatewaypoc.service.ServiceAClient    : serviceA fallback due to: org.springframework.web.reactive.function.client.WebClientResponseException$InternalServerError: 500 Internal Server Error from GET http://localhost:42331/api/data/x
2025-09-06T05:21:35.703Z  WARN 4271 --- [resilience4j-gateway-poc] [or-http-epoll-3] c.e.g.o.CircuitBreakerEventsLogger       : CB serviceA error: org.springframework.web.reactive.function.client.WebClientResponseException$InternalServerError: 500 Internal Server Error from GET http://localhost:42331/api/data/x
2025-09-06T05:21:35.703Z  WARN 4271 --- [resilience4j-gateway-poc] [or-http-epoll-3] c.e.gatewaypoc.service.ServiceAClient    : serviceA fallback due to: org.springframework.web.reactive.function.client.WebClientResponseException$InternalServerError: 500 Internal Server Error from GET http://localhost:42331/api/data/x
2025-09-06T05:21:35.704Z  WARN 4271 --- [resilience4j-gateway-poc] [or-http-epoll-3] c.e.g.o.CircuitBreakerEventsLogger       : CB serviceA error: org.springframework.web.reactive.function.client.WebClientResponseException$InternalServerError: 500 Internal Server Error from GET http://localhost:42331/api/data/x
2025-09-06T05:21:35.705Z  WARN 4271 --- [resilience4j-gateway-poc] [or-http-epoll-3] c.e.gatewaypoc.service.ServiceAClient    : serviceA fallback due to: org.springframework.web.reactive.function.client.WebClientResponseException$InternalServerError: 500 Internal Server Error from GET http://localhost:42331/api/data/x
2025-09-06T05:21:35.706Z  WARN 4271 --- [resilience4j-gateway-poc] [or-http-epoll-3] c.e.g.o.CircuitBreakerEventsLogger       : CB serviceA error: org.springframework.web.reactive.function.client.WebClientResponseException$InternalServerError: 500 Internal Server Error from GET http://localhost:42331/api/data/x
2025-09-06T05:21:35.706Z  WARN 4271 --- [resilience4j-gateway-poc] [or-http-epoll-3] c.e.gatewaypoc.service.ServiceAClient    : serviceA fallback due to: org.springframework.web.reactive.function.client.WebClientResponseException$InternalServerError: 500 Internal Server Error from GET http://localhost:42331/api/data/x
2025-09-06T05:21:35.708Z  WARN 4271 --- [resilience4j-gateway-poc] [or-http-epoll-3] c.e.g.o.CircuitBreakerEventsLogger       : CB serviceA error: org.springframework.web.reactive.function.client.WebClientResponseException$InternalServerError: 500 Internal Server Error from GET http://localhost:42331/api/data/x
2025-09-06T05:21:35.708Z  WARN 4271 --- [resilience4j-gateway-poc] [or-http-epoll-3] c.e.gatewaypoc.service.ServiceAClient    : serviceA fallback due to: org.springframework.web.reactive.function.client.WebClientResponseException$InternalServerError: 500 Internal Server Error from GET http://localhost:42331/api/data/x
2025-09-06T05:21:35.711Z  WARN 4271 --- [resilience4j-gateway-poc] [or-http-epoll-3] c.e.g.o.CircuitBreakerEventsLogger       : CB serviceA error: org.springframework.web.reactive.function.client.WebClientResponseException$InternalServerError: 500 Internal Server Error from GET http://localhost:42331/api/data/x
2025-09-06T05:21:35.711Z  WARN 4271 --- [resilience4j-gateway-poc] [or-http-epoll-3] c.e.gatewaypoc.service.ServiceAClient    : serviceA fallback due to: org.springframework.web.reactive.function.client.WebClientResponseException$InternalServerError: 500 Internal Server Error from GET http://localhost:42331/api/data/x
2025-09-06T05:21:35.714Z  WARN 4271 --- [resilience4j-gateway-poc] [or-http-epoll-3] c.e.g.o.CircuitBreakerEventsLogger       : CB serviceA error: org.springframework.web.reactive.function.client.WebClientResponseException$InternalServerError: 500 Internal Server Error from GET http://localhost:42331/api/data/x
2025-09-06T05:21:35.714Z  WARN 4271 --- [resilience4j-gateway-poc] [or-http-epoll-3] c.e.gatewaypoc.service.ServiceAClient    : serviceA fallback due to: org.springframework.web.reactive.function.client.WebClientResponseException$InternalServerError: 500 Internal Server Error from GET http://localhost:42331/api/data/x
2025-09-06T05:21:35.715Z  WARN 4271 --- [resilience4j-gateway-poc] [or-http-epoll-3] c.e.g.o.CircuitBreakerEventsLogger       : CB serviceA error: org.springframework.web.reactive.function.client.WebClientResponseException$InternalServerError: 500 Internal Server Error from GET http://localhost:42331/api/data/x
2025-09-06T05:21:35.715Z  WARN 4271 --- [resilience4j-gateway-poc] [or-http-epoll-3] c.e.gatewaypoc.service.ServiceAClient    : serviceA fallback due to: org.springframework.web.reactive.function.client.WebClientResponseException$InternalServerError: 500 Internal Server Error from GET http://localhost:42331/api/data/x
2025-09-06T05:21:35.717Z  WARN 4271 --- [resilience4j-gateway-poc] [or-http-epoll-3] c.e.g.o.CircuitBreakerEventsLogger       : CB serviceA error: org.springframework.web.reactive.function.client.WebClientResponseException$InternalServerError: 500 Internal Server Error from GET http://localhost:42331/api/data/x
2025-09-06T05:21:35.717Z  WARN 4271 --- [resilience4j-gateway-poc] [or-http-epoll-3] c.e.gatewaypoc.service.ServiceAClient    : serviceA fallback due to: org.springframework.web.reactive.function.client.WebClientResponseException$InternalServerError: 500 Internal Server Error from GET http://localhost:42331/api/data/x
2025-09-06T05:21:35.719Z  WARN 4271 --- [resilience4j-gateway-poc] [or-http-epoll-3] c.e.g.o.CircuitBreakerEventsLogger       : CB serviceA error: org.springframework.web.reactive.function.client.WebClientResponseException$InternalServerError: 500 Internal Server Error from GET http://localhost:42331/api/data/x
2025-09-06T05:21:35.719Z  WARN 4271 --- [resilience4j-gateway-poc] [or-http-epoll-3] c.e.gatewaypoc.service.ServiceAClient    : serviceA fallback due to: org.springframework.web.reactive.function.client.WebClientResponseException$InternalServerError: 500 Internal Server Error from GET http://localhost:42331/api/data/x
2025-09-06T05:21:35.720Z  WARN 4271 --- [resilience4j-gateway-poc] [or-http-epoll-3] c.e.g.o.CircuitBreakerEventsLogger       : CB serviceA error: org.springframework.web.reactive.function.client.WebClientResponseException$InternalServerError: 500 Internal Server Error from GET http://localhost:42331/api/data/x
2025-09-06T05:21:35.720Z  WARN 4271 --- [resilience4j-gateway-poc] [or-http-epoll-3] c.e.gatewaypoc.service.ServiceAClient    : serviceA fallback due to: org.springframework.web.reactive.function.client.WebClientResponseException$InternalServerError: 500 Internal Server Error from GET http://localhost:42331/api/data/x
2025-09-06T05:21:35.722Z  WARN 4271 --- [resilience4j-gateway-poc] [or-http-epoll-3] c.e.g.o.CircuitBreakerEventsLogger       : CB serviceA error: org.springframework.web.reactive.function.client.WebClientResponseException$InternalServerError: 500 Internal Server Error from GET http://localhost:42331/api/data/x
2025-09-06T05:21:35.722Z  WARN 4271 --- [resilience4j-gateway-poc] [or-http-epoll-3] c.e.gatewaypoc.service.ServiceAClient    : serviceA fallback due to: org.springframework.web.reactive.function.client.WebClientResponseException$InternalServerError: 500 Internal Server Error from GET http://localhost:42331/api/data/x
2025-09-06T05:21:35.723Z  WARN 4271 --- [resilience4j-gateway-poc] [or-http-epoll-3] c.e.g.o.CircuitBreakerEventsLogger       : CB serviceA error: org.springframework.web.reactive.function.client.WebClientResponseException$InternalServerError: 500 Internal Server Error from GET http://localhost:42331/api/data/x
2025-09-06T05:21:35.724Z  WARN 4271 --- [resilience4j-gateway-poc] [or-http-epoll-3] c.e.gatewaypoc.service.ServiceAClient    : serviceA fallback due to: org.springframework.web.reactive.function.client.WebClientResponseException$InternalServerError: 500 Internal Server Error from GET http://localhost:42331/api/data/x
2025-09-06T05:21:35.725Z  WARN 4271 --- [resilience4j-gateway-poc] [or-http-epoll-3] c.e.g.o.CircuitBreakerEventsLogger       : CB serviceA error: org.springframework.web.reactive.function.client.WebClientResponseException$InternalServerError: 500 Internal Server Error from GET http://localhost:42331/api/data/x
2025-09-06T05:21:35.728Z  WARN 4271 --- [resilience4j-gateway-poc] [or-http-epoll-3] c.e.g.o.CircuitBreakerEventsLogger       : CB serviceA transitioned CLOSED -> OPEN
2025-09-06T05:21:35.728Z  WARN 4271 --- [resilience4j-gateway-poc] [or-http-epoll-3] c.e.gatewaypoc.service.ServiceAClient    : serviceA fallback due to: org.springframework.web.reactive.function.client.WebClientResponseException$InternalServerError: 500 Internal Server Error from GET http://localhost:42331/api/data/x
2025-09-06T05:21:35.728Z  WARN 4271 --- [resilience4j-gateway-poc] [or-http-epoll-3] c.e.g.o.CircuitBreakerEventsLogger       : CB serviceA call not permitted
2025-09-06T05:21:35.729Z  WARN 4271 --- [resilience4j-gateway-poc] [or-http-epoll-3] c.e.gatewaypoc.service.ServiceAClient    : serviceA fallback due to: io.github.resilience4j.circuitbreaker.CallNotPermittedException: CircuitBreaker 'serviceA' is OPEN and does not permit further calls
2025-09-06T05:21:35.729Z  WARN 4271 --- [resilience4j-gateway-poc] [or-http-epoll-3] c.e.g.o.CircuitBreakerEventsLogger       : CB serviceA call not permitted
2025-09-06T05:21:35.729Z  WARN 4271 --- [resilience4j-gateway-poc] [or-http-epoll-3] c.e.gatewaypoc.service.ServiceAClient    : serviceA fallback due to: io.github.resilience4j.circuitbreaker.CallNotPermittedException: CircuitBreaker 'serviceA' is OPEN and does not permit further calls
2025-09-06T05:21:35.729Z  WARN 4271 --- [resilience4j-gateway-poc] [or-http-epoll-3] c.e.g.o.CircuitBreakerEventsLogger       : CB serviceA call not permitted
2025-09-06T05:21:35.729Z  WARN 4271 --- [resilience4j-gateway-poc] [or-http-epoll-3] c.e.gatewaypoc.service.ServiceAClient    : serviceA fallback due to: io.github.resilience4j.circuitbreaker.CallNotPermittedException: CircuitBreaker 'serviceA' is OPEN and does not permit further calls
2025-09-06T05:21:35.729Z  WARN 4271 --- [resilience4j-gateway-poc] [or-http-epoll-3] c.e.g.o.CircuitBreakerEventsLogger       : CB serviceA call not permitted
2025-09-06T05:21:35.729Z  WARN 4271 --- [resilience4j-gateway-poc] [or-http-epoll-3] c.e.gatewaypoc.service.ServiceAClient    : serviceA fallback due to: io.github.resilience4j.circuitbreaker.CallNotPermittedException: CircuitBreaker 'serviceA' is OPEN and does not permit further calls
2025-09-06T05:21:35.729Z  WARN 4271 --- [resilience4j-gateway-poc] [or-http-epoll-3] c.e.g.o.CircuitBreakerEventsLogger       : CB serviceA call not permitted
2025-09-06T05:21:35.729Z  WARN 4271 --- [resilience4j-gateway-poc] [or-http-epoll-3] c.e.gatewaypoc.service.ServiceAClient    : serviceA fallback due to: io.github.resilience4j.circuitbreaker.CallNotPermittedException: CircuitBreaker 'serviceA' is OPEN and does not permit further calls
2025-09-06T05:21:35.729Z  WARN 4271 --- [resilience4j-gateway-poc] [or-http-epoll-3] c.e.g.o.CircuitBreakerEventsLogger       : CB serviceA call not permitted
2025-09-06T05:21:35.729Z  WARN 4271 --- [resilience4j-gateway-poc] [or-http-epoll-3] c.e.gatewaypoc.service.ServiceAClient    : serviceA fallback due to: io.github.resilience4j.circuitbreaker.CallNotPermittedException: CircuitBreaker 'serviceA' is OPEN and does not permit further calls
2025-09-06T05:21:35.729Z  WARN 4271 --- [resilience4j-gateway-poc] [           main] c.e.g.o.CircuitBreakerEventsLogger       : CB serviceA call not permitted
2025-09-06T05:21:35.730Z  WARN 4271 --- [resilience4j-gateway-poc] [           main] c.e.gatewaypoc.service.ServiceAClient    : serviceA fallback due to: io.github.resilience4j.circuitbreaker.CallNotPermittedException: CircuitBreaker 'serviceA' is OPEN and does not permit further calls
]]></system-out>
  </testcase>
</testsuite>