<?xml version="1.0" encoding="UTF-8"?>
<testsuite xmlns:xsi="http://www.w3.org/2001/XMLSchema-instance" xsi:noNamespaceSchemaLocation="https://maven.apache.org/surefire/maven-surefire-plugin/xsd/surefire-test-report-3.0.xsd" version="3.0" name="com.example.gatewaypoc.HalfOpenBehaviorTest" time="0.515" tests="1" errors="0" skipped="0" failures="0">
  <properties>
[...]
</properties>
  <testcase name="halfOpen_allows_partial_requests" classname="com.example.gatewaypoc.HalfOpenBehaviorTest" time="0.142">
    <system-out><![CDATA[2025-09-06T05:21:36.677Z  INFO 4271 --- [resilience4j-gateway-poc] [           main] t.c.s.AnnotationConfigContextLoaderUtils : Could not detect default configuration classes for test class [com.example.gatewaypoc.HalfOpenBehaviorTest]: HalfOpenBehaviorTest does not declare any static, non-private, non-final, nested classes annotated with @Configuration.
2025-09-06T05:21:36.679Z  INFO 4271 --- [resilience4j-gateway-poc] [           main] .b.t.c.SpringBootTestContextBootstrapper : Found @SpringBootConfiguration com.example.gatewaypoc.Application for test class com.example.gatewaypoc.HalfOpenBehaviorTest

  .   ____          _            __ _ _
 /\\ / ___'_ __ _ _(_)_ __  __ _ \ \ \ \
( ( )\___ | '_ | '_| | '_ \/ _` | \ \ \ \
 \\/  ___)| |_)| | | | | || (_| |  ) ) ) )
  '  |____| .__|_| |_|_| |_\__, | / / / /
 =========|_|==============|___/=/_/_/_/

 :: Spring Boot ::                (v3.3.4)

2025-09-06T05:21:36.734Z  INFO 4271 --- [resilience4j-gateway-poc] [           main] c.e.gatewaypoc.HalfOpenBehaviorTest      : Starting HalfOpenBehaviorTest using Java 21.0.7 with PID 4271 (started by ubuntu in /workspace)
2025-09-06T05:21:36.734Z  INFO 4271 --- [resilience4j-gateway-poc] [           main] c.e.gatewaypoc.HalfOpenBehaviorTest      : No active profile set, falling back to 1 default profile: "default"
2025-09-06T05:21:36.881Z  INFO 4271 --- [resilience4j-gateway-poc] [           main] o.s.cloud.context.scope.GenericScope     : BeanFactory id=a439ac5c-82a3-359b-a50c-5758efd22cdb
2025-09-06T05:21:36.994Z  INFO 4271 --- [resilience4j-gateway-poc] [           main] o.s.b.a.e.web.EndpointLinksResolver      : Exposing 4 endpoints beneath base path '/actuator'
2025-09-06T05:21:37.046Z  INFO 4271 --- [resilience4j-gateway-poc] [           main] c.e.gatewaypoc.HalfOpenBehaviorTest      : Started HalfOpenBehaviorTest in 0.361 seconds (process running for 6.524)
2025-09-06T05:21:37.057Z  WARN 4271 --- [resilience4j-gateway-poc] [or-http-epoll-4] c.e.g.o.CircuitBreakerEventsLogger       : CB serviceA error: org.springframework.web.reactive.function.client.WebClientResponseException$InternalServerError: 500 Internal Server Error from GET http://localhost:45471/api/data/x
2025-09-06T05:21:37.057Z  WARN 4271 --- [resilience4j-gateway-poc] [or-http-epoll-4] c.e.gatewaypoc.service.ServiceAClient    : serviceA fallback due to: org.springframework.web.reactive.function.client.WebClientResponseException$InternalServerError: 500 Internal Server Error from GET http://localhost:45471/api/data/x
2025-09-06T05:21:37.059Z  WARN 4271 --- [resilience4j-gateway-poc] [or-http-epoll-4] c.e.g.o.CircuitBreakerEventsLogger       : CB serviceA error: org.springframework.web.reactive.function.client.WebClientResponseException$InternalServerError: 500 Internal Server Error from GET http://localhost:45471/api/data/x
2025-09-06T05:21:37.059Z  WARN 4271 --- [resilience4j-gateway-poc] [or-http-epoll-4] c.e.gatewaypoc.service.ServiceAClient    : serviceA fallback due to: org.springframework.web.reactive.function.client.WebClientResponseException$InternalServerError: 500 Internal Server Error from GET http://localhost:45471/api/data/x
2025-09-06T05:21:37.061Z  WARN 4271 --- [resilience4j-gateway-poc] [or-http-epoll-4] c.e.g.o.CircuitBreakerEventsLogger       : CB serviceA error: org.springframework.web.reactive.function.client.WebClientResponseException$InternalServerError: 500 Internal Server Error from GET http://localhost:45471/api/data/x
2025-09-06T05:21:37.061Z  WARN 4271 --- [resilience4j-gateway-poc] [or-http-epoll-4] c.e.gatewaypoc.service.ServiceAClient    : serviceA fallback due to: org.springframework.web.reactive.function.client.WebClientResponseException$InternalServerError: 500 Internal Server Error from GET http://localhost:45471/api/data/x
2025-09-06T05:21:37.063Z  WARN 4271 --- [resilience4j-gateway-poc] [or-http-epoll-4] c.e.g.o.CircuitBreakerEventsLogger       : CB serviceA error: org.springframework.web.reactive.function.client.WebClientResponseException$InternalServerError: 500 Internal Server Error from GET http://localhost:45471/api/data/x
2025-09-06T05:21:37.063Z  WARN 4271 --- [resilience4j-gateway-poc] [or-http-epoll-4] c.e.gatewaypoc.service.ServiceAClient    : serviceA fallback due to: org.springframework.web.reactive.function.client.WebClientResponseException$InternalServerError: 500 Internal Server Error from GET http://localhost:45471/api/data/x
2025-09-06T05:21:37.066Z  WARN 4271 --- [resilience4j-gateway-poc] [or-http-epoll-4] c.e.g.o.CircuitBreakerEventsLogger       : CB serviceA error: org.springframework.web.reactive.function.client.WebClientResponseException$InternalServerError: 500 Internal Server Error from GET http://localhost:45471/api/data/x
2025-09-06T05:21:37.066Z  WARN 4271 --- [resilience4j-gateway-poc] [or-http-epoll-4] c.e.gatewaypoc.service.ServiceAClient    : serviceA fallback due to: org.springframework.web.reactive.function.client.WebClientResponseException$InternalServerError: 500 Internal Server Error from GET http://localhost:45471/api/data/x
2025-09-06T05:21:37.069Z  WARN 4271 --- [resilience4j-gateway-poc] [or-http-epoll-4] c.e.g.o.CircuitBreakerEventsLogger       : CB serviceA error: org.springframework.web.reactive.function.client.WebClientResponseException$InternalServerError: 500 Internal Server Error from GET http://localhost:45471/api/data/x
2025-09-06T05:21:37.069Z  WARN 4271 --- [resilience4j-gateway-poc] [or-http-epoll-4] c.e.gatewaypoc.service.ServiceAClient    : serviceA fallback due to: org.springframework.web.reactive.function.client.WebClientResponseException$InternalServerError: 500 Internal Server Error from GET http://localhost:45471/api/data/x
2025-09-06T05:21:37.071Z  WARN 4271 --- [resilience4j-gateway-poc] [or-http-epoll-4] c.e.g.o.CircuitBreakerEventsLogger       : CB serviceA error: org.springframework.web.reactive.function.client.WebClientResponseException$InternalServerError: 500 Internal Server Error from GET http://localhost:45471/api/data/x
2025-09-06T05:21:37.071Z  WARN 4271 --- [resilience4j-gateway-poc] [or-http-epoll-4] c.e.gatewaypoc.service.ServiceAClient    : serviceA fallback due to: org.springframework.web.reactive.function.client.WebClientResponseException$InternalServerError: 500 Internal Server Error from GET http://localhost:45471/api/data/x
2025-09-06T05:21:37.073Z  WARN 4271 --- [resilience4j-gateway-poc] [or-http-epoll-4] c.e.g.o.CircuitBreakerEventsLogger       : CB serviceA error: org.springframework.web.reactive.function.client.WebClientResponseException$InternalServerError: 500 Internal Server Error from GET http://localhost:45471/api/data/x
2025-09-06T05:21:37.073Z  WARN 4271 --- [resilience4j-gateway-poc] [or-http-epoll-4] c.e.gatewaypoc.service.ServiceAClient    : serviceA fallback due to: org.springframework.web.reactive.function.client.WebClientResponseException$InternalServerError: 500 Internal Server Error from GET http://localhost:45471/api/data/x
2025-09-06T05:21:37.075Z  WARN 4271 --- [resilience4j-gateway-poc] [or-http-epoll-4] c.e.g.o.CircuitBreakerEventsLogger       : CB serviceA error: org.springframework.web.reactive.function.client.WebClientResponseException$InternalServerError: 500 Internal Server Error from GET http://localhost:45471/api/data/x
2025-09-06T05:21:37.075Z  WARN 4271 --- [resilience4j-gateway-poc] [or-http-epoll-4] c.e.gatewaypoc.service.ServiceAClient    : serviceA fallback due to: org.springframework.web.reactive.function.client.WebClientResponseException$InternalServerError: 500 Internal Server Error from GET http://localhost:45471/api/data/x
2025-09-06T05:21:37.078Z  WARN 4271 --- [resilience4j-gateway-poc] [or-http-epoll-4] c.e.g.o.CircuitBreakerEventsLogger       : CB serviceA error: org.springframework.web.reactive.function.client.WebClientResponseException$InternalServerError: 500 Internal Server Error from GET http://localhost:45471/api/data/x
2025-09-06T05:21:37.078Z  WARN 4271 --- [resilience4j-gateway-poc] [or-http-epoll-4] c.e.g.o.CircuitBreakerEventsLogger       : CB serviceA transitioned CLOSED -> OPEN
2025-09-06T05:21:37.078Z  WARN 4271 --- [resilience4j-gateway-poc] [or-http-epoll-4] c.e.gatewaypoc.service.ServiceAClient    : serviceA fallback due to: org.springframework.web.reactive.function.client.WebClientResponseException$InternalServerError: 500 Internal Server Error from GET http://localhost:45471/api/data/x
2025-09-06T05:21:37.078Z  WARN 4271 --- [resilience4j-gateway-poc] [           main] c.e.g.o.CircuitBreakerEventsLogger       : CB serviceA call not permitted
2025-09-06T05:21:37.078Z  WARN 4271 --- [resilience4j-gateway-poc] [           main] c.e.gatewaypoc.service.ServiceAClient    : serviceA fallback due to: io.github.resilience4j.circuitbreaker.CallNotPermittedException: CircuitBreaker 'serviceA' is OPEN and does not permit further calls
2025-09-06T05:21:37.078Z  WARN 4271 --- [resilience4j-gateway-poc] [           main] c.e.g.o.CircuitBreakerEventsLogger       : CB serviceA call not permitted
2025-09-06T05:21:37.078Z  WARN 4271 --- [resilience4j-gateway-poc] [           main] c.e.gatewaypoc.service.ServiceAClient    : serviceA fallback due to: io.github.resilience4j.circuitbreaker.CallNotPermittedException: CircuitBreaker 'serviceA' is OPEN and does not permit further calls
2025-09-06T05:21:37.186Z  WARN 4271 --- [resilience4j-gateway-poc] [aitility-thread] c.e.g.o.CircuitBreakerEventsLogger       : CB serviceA call not permitted
2025-09-06T05:21:37.186Z  WARN 4271 --- [resilience4j-gateway-poc] [aitility-thread] c.e.gatewaypoc.service.ServiceAClient    : serviceA fallback due to: io.github.resilience4j.circuitbreaker.CallNotPermittedException: CircuitBreaker 'serviceA' is OPEN and does not permit further calls
]]></system-out>
  </testcase>
</testsuite>